mode: set
video-stream-processor/internal/config/config.go:32.21,43.48 10 0
video-stream-processor/internal/config/config.go:43.48,45.14 2 0
video-stream-processor/internal/config/config.go:45.14,46.34 1 0
video-stream-processor/internal/config/config.go:46.34,48.5 1 0
video-stream-processor/internal/config/config.go:49.4,49.67 1 0
video-stream-processor/internal/config/config.go:52.2,69.3 1 0
video-stream-processor/internal/config/config.go:72.42,73.40 1 0
video-stream-processor/internal/config/config.go:73.40,75.3 1 0
video-stream-processor/internal/config/config.go:76.2,76.17 1 0
video-stream-processor/internal/chunker/chunker.go:29.20,31.2 1 1
video-stream-processor/internal/chunker/chunker.go:33.108,36.16 3 1
video-stream-processor/internal/chunker/chunker.go:36.16,38.3 1 0
video-stream-processor/internal/chunker/chunker.go:39.2,39.12 1 1
video-stream-processor/internal/chunker/chunker.go:39.12,44.7 5 1
video-stream-processor/internal/chunker/chunker.go:44.7,47.51 3 1
video-stream-processor/internal/chunker/chunker.go:47.51,48.14 1 1
video-stream-processor/internal/chunker/chunker.go:48.14,51.6 2 0
video-stream-processor/internal/chunker/chunker.go:52.5,52.10 1 1
video-stream-processor/internal/chunker/chunker.go:54.4,54.18 1 1
video-stream-processor/internal/chunker/chunker.go:54.18,55.10 1 0
video-stream-processor/internal/chunker/chunker.go:57.4,59.9 3 1
video-stream-processor/internal/chunker/chunker.go:62.2,62.17 1 1
video-stream-processor/internal/app/app.go:43.68,58.22 10 0
video-stream-processor/internal/app/app.go:58.22,60.3 1 0
video-stream-processor/internal/app/app.go:61.2,62.35 2 0
video-stream-processor/internal/app/app.go:62.35,64.25 2 0
video-stream-processor/internal/app/app.go:64.25,67.8 3 0
video-stream-processor/internal/app/app.go:67.8,68.12 1 0
video-stream-processor/internal/app/app.go:69.23,71.12 2 0
video-stream-processor/internal/app/app.go:72.27,78.73 6 0
video-stream-processor/internal/app/app.go:84.2,87.54 4 0
video-stream-processor/internal/app/process_file.go:54.149,60.16 4 1
video-stream-processor/internal/app/process_file.go:60.16,63.3 2 1
video-stream-processor/internal/app/process_file.go:66.2,72.47 5 1
video-stream-processor/internal/app/process_file.go:72.47,75.3 2 1
video-stream-processor/internal/app/process_file.go:78.2,78.40 1 1
video-stream-processor/internal/app/process_file.go:78.40,83.3 3 1
video-stream-processor/internal/app/process_file.go:86.2,90.16 4 1
video-stream-processor/internal/app/process_file.go:90.16,94.3 3 0
video-stream-processor/internal/app/process_file.go:95.2,97.28 3 1
video-stream-processor/internal/app/process_file.go:97.28,99.17 2 1
video-stream-processor/internal/app/process_file.go:99.17,102.12 3 1
video-stream-processor/internal/app/process_file.go:104.3,104.15 1 1
video-stream-processor/internal/app/process_file.go:104.15,106.12 2 0
video-stream-processor/internal/app/process_file.go:108.3,109.86 2 1
video-stream-processor/internal/app/process_file.go:109.86,112.12 3 1
video-stream-processor/internal/app/process_file.go:114.3,115.82 2 1
video-stream-processor/internal/app/process_file.go:115.82,118.4 2 1
video-stream-processor/internal/app/process_file.go:119.3,123.60 4 1
video-stream-processor/internal/app/process_file.go:125.2,127.74 3 1
video-stream-processor/internal/app/process_file.go:127.74,130.3 2 1
video-stream-processor/internal/app/process_file.go:131.2,134.59 4 1
video-stream-processor/internal/app/process_file.go:138.35,140.16 2 1
video-stream-processor/internal/app/process_file.go:140.16,142.3 1 1
video-stream-processor/internal/app/process_file.go:143.2,146.44 4 1
video-stream-processor/internal/s3uploader/s3uploader.go:33.56,38.16 2 1
video-stream-processor/internal/s3uploader/s3uploader.go:38.16,40.3 1 0
video-stream-processor/internal/s3uploader/s3uploader.go:41.2,41.71 1 1
video-stream-processor/internal/s3uploader/s3uploader.go:44.105,48.2 3 1
video-stream-processor/internal/s3uploader/s3uploader.go:50.98,54.2 3 1
video-stream-processor/internal/s3uploader/s3uploader.go:56.25,58.2 1 1
video-stream-processor/internal/redisstore/redisstore.go:43.53,50.2 2 0
video-stream-processor/internal/redisstore/redisstore.go:52.97,55.2 2 1
video-stream-processor/internal/redisstore/redisstore.go:57.104,60.22 3 1
video-stream-processor/internal/redisstore/redisstore.go:60.22,62.3 1 1
video-stream-processor/internal/redisstore/redisstore.go:63.2,63.41 1 1
video-stream-processor/internal/redisstore/redisstore.go:66.98,69.2 2 1
video-stream-processor/internal/redisstore/redisstore.go:71.91,74.2 2 1
video-stream-processor/internal/redisstore/redisstore.go:76.90,79.2 2 1
video-stream-processor/internal/redisstore/redisstore.go:81.92,84.2 2 1
video-stream-processor/internal/redisstore/redisstore.go:86.98,89.2 2 1
video-stream-processor/internal/redisstore/redisstore.go:91.83,94.21 3 1
video-stream-processor/internal/redisstore/redisstore.go:94.21,97.42 3 1
video-stream-processor/internal/redisstore/redisstore.go:97.42,99.4 1 1
video-stream-processor/internal/redisstore/redisstore.go:101.2,101.28 1 1
video-stream-processor/internal/redisstore/redisstore.go:104.80,106.2 1 1
video-stream-processor/internal/redisstore/redisstore.go:108.96,110.2 1 1
video-stream-processor/internal/redisstore/redisstore.go:112.71,114.2 1 1
video-stream-processor/internal/redisstore/redisstore.go:116.25,118.2 1 1
video-stream-processor/internal/metrics/metrics.go:67.24,68.21 1 1
video-stream-processor/internal/metrics/metrics.go:68.21,71.13 2 1
video-stream-processor/internal/metrics/metrics.go:71.13,74.4 2 1
video-stream-processor/internal/logger/logger.go:10.36,14.16 4 1
video-stream-processor/internal/logger/logger.go:14.16,15.13 1 0
video-stream-processor/internal/logger/logger.go:17.2,17.15 1 1
video-stream-processor/internal/logger/logger.go:20.45,21.15 1 1
video-stream-processor/internal/logger/logger.go:22.15,23.28 1 1
video-stream-processor/internal/logger/logger.go:24.14,25.27 1 1
video-stream-processor/internal/logger/logger.go:26.15,27.28 1 1
video-stream-processor/internal/logger/logger.go:28.10,29.27 1 1
video-stream-processor/internal/watcher/watcher.go:44.110,53.2 1 0
video-stream-processor/internal/watcher/watcher.go:55.46,57.16 2 0
video-stream-processor/internal/watcher/watcher.go:57.16,59.3 1 0
video-stream-processor/internal/watcher/watcher.go:60.2,62.52 2 0
video-stream-processor/internal/watcher/watcher.go:62.52,64.3 1 0
video-stream-processor/internal/watcher/watcher.go:67.2,75.12 4 0
video-stream-processor/internal/watcher/watcher.go:75.12,78.7 3 0
video-stream-processor/internal/watcher/watcher.go:78.7,79.11 1 0
video-stream-processor/internal/watcher/watcher.go:80.22,81.11 1 0
video-stream-processor/internal/watcher/watcher.go:82.20,83.33 1 0
video-stream-processor/internal/watcher/watcher.go:88.2,88.6 1 0
video-stream-processor/internal/watcher/watcher.go:88.6,89.10 1 0
video-stream-processor/internal/watcher/watcher.go:90.21,91.10 1 0
video-stream-processor/internal/watcher/watcher.go:92.34,93.85 1 0
video-stream-processor/internal/watcher/watcher.go:93.85,97.5 3 0
video-stream-processor/internal/watcher/watcher.go:98.32,99.48 1 0
video-stream-processor/internal/watcher/watcher.go:106.39,108.16 2 1
video-stream-processor/internal/watcher/watcher.go:108.16,111.3 2 0
video-stream-processor/internal/watcher/watcher.go:112.2,113.29 2 1
video-stream-processor/internal/watcher/watcher.go:113.29,114.49 1 1
video-stream-processor/internal/watcher/watcher.go:114.49,118.4 3 1
video-stream-processor/internal/watcher/watcher.go:123.59,125.38 2 1
video-stream-processor/internal/watcher/watcher.go:125.38,126.21 1 1
video-stream-processor/internal/watcher/watcher.go:126.21,128.4 1 1
video-stream-processor/internal/watcher/watcher.go:130.2,130.14 1 1
video-stream-processor/internal/watcher/watcher.go:134.48,140.47 6 1
video-stream-processor/internal/watcher/watcher.go:140.47,143.3 2 1
video-stream-processor/internal/watcher/watcher.go:144.2,144.13 1 1
video-stream-processor/internal/watcher/watcher.go:147.60,151.33 4 1
video-stream-processor/internal/watcher/watcher.go:151.33,152.31 1 1
video-stream-processor/internal/watcher/watcher.go:152.31,154.51 2 1
video-stream-processor/internal/watcher/watcher.go:154.51,155.23 1 1
video-stream-processor/internal/watcher/watcher.go:155.23,156.28 1 1
video-stream-processor/internal/watcher/watcher.go:156.28,159.7 2 1
video-stream-processor/internal/watcher/watcher.go:160.6,160.11 1 1
video-stream-processor/internal/watcher/watcher.go:163.4,163.24 1 1
video-stream-processor/internal/watcher/watcher.go:169.79,172.6 3 0
video-stream-processor/internal/watcher/watcher.go:172.6,173.10 1 0
video-stream-processor/internal/watcher/watcher.go:174.21,175.10 1 0
video-stream-processor/internal/watcher/watcher.go:176.19,177.19 1 0
video-stream-processor/internal/watcher/watcher.go:183.33,185.16 2 1
video-stream-processor/internal/watcher/watcher.go:185.16,188.3 2 0
video-stream-processor/internal/watcher/watcher.go:189.2,190.29 2 1
video-stream-processor/internal/watcher/watcher.go:190.29,191.49 1 1
video-stream-processor/internal/watcher/watcher.go:191.49,195.33 4 1
video-stream-processor/internal/watcher/watcher.go:195.33,198.5 2 1
video-stream-processor/internal/watcher/watcher.go:199.4,199.17 1 1
video-stream-processor/internal/watcher/watcher.go:205.35,207.16 2 1
video-stream-processor/internal/watcher/watcher.go:207.16,209.3 1 0
video-stream-processor/internal/watcher/watcher.go:210.2,213.44 4 1
